Ibis server running on 130.37.39.217-8888~thhugh+22
List of Services:
    Central Registry service on virtual port 302
    Management service on virtual port 304
    Bootstrap service on virtual port 303
Known hubs now: 130.37.39.217-8888~thhugh+22
16:25:02 Central Registry: creating new pool: "pool50983"
16:25:02 Central Registry: (Ibis 0, location localhost) joined pool "pool50983" now 1 members
16:25:02 Central Registry: (Ibis 1, location localhost) joined pool "pool50983" now 2 members
16:25:02 Central Registry: pool "pool50983" now closed
16:25:02 Central Registry: (Ibis 0, location localhost) won election "Server" in pool "pool50983"
16:25:08 ERROR [server connection handler] ibis.ipl.registry.central.server.ServerConnectionHandler - error on handling connection
java.lang.Exception: pool pool14017 not found
	at ibis.ipl.registry.central.server.ServerConnectionHandler.handleHeartbeat(ServerConnectionHandler.java:393)
	at ibis.ipl.registry.central.server.ServerConnectionHandler.run(ServerConnectionHandler.java:523)
	at ibis.util.ThreadPool$PoolThread.run(ThreadPool.java:136)
16:25:20 ERROR [server connection handler] ibis.ipl.registry.central.server.ServerConnectionHandler - error on handling connection
java.lang.Exception: pool pool14017 not found
	at ibis.ipl.registry.central.server.ServerConnectionHandler.handleHeartbeat(ServerConnectionHandler.java:393)
	at ibis.ipl.registry.central.server.ServerConnectionHandler.run(ServerConnectionHandler.java:523)
	at ibis.util.ThreadPool$PoolThread.run(ThreadPool.java:136)
16:25:33 Central Registry: (Ibis 0, location localhost) left pool "pool50983" now 1 members
16:25:33 Central Registry: (Ibis 1, location localhost) left pool "pool50983" now 0 members
16:25:33 Central Registry: pool "pool50983" ended
